<?xml version="1.0" encoding="UTF-8"?>
<testsuite xmlns:xsi="http://www.w3.org/2001/XMLSchema-instance" xsi:noNamespaceSchemaLocation="https://maven.apache.org/surefire/maven-surefire-plugin/xsd/surefire-test-report.xsd" name="com.meethong.Springboot02ConfigApplicationTests" time="7.005" tests="1" errors="0" skipped="0" failures="0">
  <properties>
    <property name="sun.desktop" value="windows"/>
    <property name="awt.toolkit" value="sun.awt.windows.WToolkit"/>
    <property name="file.encoding.pkg" value="sun.io"/>
    <property name="java.specification.version" value="1.8"/>
    <property name="sun.cpu.isalist" value="amd64"/>
    <property name="sun.jnu.encoding" value="GBK"/>
    <property name="java.class.path" value="D:\github\spring-boot-self-study\springboot-02-config\target\test-classes;D:\github\spring-boot-self-study\springboot-02-config\target\classes;E:\oneDirve\OneDrive - business\repository\maven\repository\org\springframework\boot\spring-boot-starter-web\2.3.0.RELEASE\spring-boot-starter-web-2.3.0.RELEASE.jar;E:\oneDirve\OneDrive - business\repository\maven\repository\org\springframework\boot\spring-boot-starter\2.3.0.RELEASE\spring-boot-starter-2.3.0.RELEASE.jar;E:\oneDirve\OneDrive - business\repository\maven\repository\org\springframework\boot\spring-boot-starter-logging\2.3.0.RELEASE\spring-boot-starter-logging-2.3.0.RELEASE.jar;E:\oneDirve\OneDrive - business\repository\maven\repository\ch\qos\logback\logback-classic\1.2.3\logback-classic-1.2.3.jar;E:\oneDirve\OneDrive - business\repository\maven\repository\ch\qos\logback\logback-core\1.2.3\logback-core-1.2.3.jar;E:\oneDirve\OneDrive - business\repository\maven\repository\org\apache\logging\log4j\log4j-to-slf4j\2.13.2\log4j-to-slf4j-2.13.2.jar;E:\oneDirve\OneDrive - business\repository\maven\repository\org\apache\logging\log4j\log4j-api\2.13.2\log4j-api-2.13.2.jar;E:\oneDirve\OneDrive - business\repository\maven\repository\org\slf4j\jul-to-slf4j\1.7.30\jul-to-slf4j-1.7.30.jar;E:\oneDirve\OneDrive - business\repository\maven\repository\jakarta\annotation\jakarta.annotation-api\1.3.5\jakarta.annotation-api-1.3.5.jar;E:\oneDirve\OneDrive - business\repository\maven\repository\org\yaml\snakeyaml\1.26\snakeyaml-1.26.jar;E:\oneDirve\OneDrive - business\repository\maven\repository\org\springframework\boot\spring-boot-starter-json\2.3.0.RELEASE\spring-boot-starter-json-2.3.0.RELEASE.jar;E:\oneDirve\OneDrive - business\repository\maven\repository\com\fasterxml\jackson\core\jackson-databind\2.11.0\jackson-databind-2.11.0.jar;E:\oneDirve\OneDrive - business\repository\maven\repository\com\fasterxml\jackson\core\jackson-annotations\2.11.0\jackson-annotations-2.11.0.jar;E:\oneDirve\OneDrive - business\repository\maven\repository\com\fasterxml\jackson\core\jackson-core\2.11.0\jackson-core-2.11.0.jar;E:\oneDirve\OneDrive - business\repository\maven\repository\com\fasterxml\jackson\datatype\jackson-datatype-jdk8\2.11.0\jackson-datatype-jdk8-2.11.0.jar;E:\oneDirve\OneDrive - business\repository\maven\repository\com\fasterxml\jackson\datatype\jackson-datatype-jsr310\2.11.0\jackson-datatype-jsr310-2.11.0.jar;E:\oneDirve\OneDrive - business\repository\maven\repository\com\fasterxml\jackson\module\jackson-module-parameter-names\2.11.0\jackson-module-parameter-names-2.11.0.jar;E:\oneDirve\OneDrive - business\repository\maven\repository\org\springframework\boot\spring-boot-starter-tomcat\2.3.0.RELEASE\spring-boot-starter-tomcat-2.3.0.RELEASE.jar;E:\oneDirve\OneDrive - business\repository\maven\repository\org\apache\tomcat\embed\tomcat-embed-core\9.0.35\tomcat-embed-core-9.0.35.jar;E:\oneDirve\OneDrive - business\repository\maven\repository\org\glassfish\jakarta.el\3.0.3\jakarta.el-3.0.3.jar;E:\oneDirve\OneDrive - business\repository\maven\repository\org\apache\tomcat\embed\tomcat-embed-websocket\9.0.35\tomcat-embed-websocket-9.0.35.jar;E:\oneDirve\OneDrive - business\repository\maven\repository\org\springframework\spring-web\5.2.6.RELEASE\spring-web-5.2.6.RELEASE.jar;E:\oneDirve\OneDrive - business\repository\maven\repository\org\springframework\spring-beans\5.2.6.RELEASE\spring-beans-5.2.6.RELEASE.jar;E:\oneDirve\OneDrive - business\repository\maven\repository\org\springframework\spring-webmvc\5.2.6.RELEASE\spring-webmvc-5.2.6.RELEASE.jar;E:\oneDirve\OneDrive - business\repository\maven\repository\org\springframework\spring-aop\5.2.6.RELEASE\spring-aop-5.2.6.RELEASE.jar;E:\oneDirve\OneDrive - business\repository\maven\repository\org\springframework\spring-context\5.2.6.RELEASE\spring-context-5.2.6.RELEASE.jar;E:\oneDirve\OneDrive - business\repository\maven\repository\org\springframework\spring-expression\5.2.6.RELEASE\spring-expression-5.2.6.RELEASE.jar;E:\oneDirve\OneDrive - business\repository\maven\repository\org\springframework\boot\spring-boot-devtools\2.3.0.RELEASE\spring-boot-devtools-2.3.0.RELEASE.jar;E:\oneDirve\OneDrive - business\repository\maven\repository\org\springframework\boot\spring-boot\2.3.0.RELEASE\spring-boot-2.3.0.RELEASE.jar;E:\oneDirve\OneDrive - business\repository\maven\repository\org\springframework\boot\spring-boot-autoconfigure\2.3.0.RELEASE\spring-boot-autoconfigure-2.3.0.RELEASE.jar;E:\oneDirve\OneDrive - business\repository\maven\repository\org\springframework\boot\spring-boot-starter-test\2.3.0.RELEASE\spring-boot-starter-test-2.3.0.RELEASE.jar;E:\oneDirve\OneDrive - business\repository\maven\repository\org\springframework\boot\spring-boot-test\2.3.0.RELEASE\spring-boot-test-2.3.0.RELEASE.jar;E:\oneDirve\OneDrive - business\repository\maven\repository\org\springframework\boot\spring-boot-test-autoconfigure\2.3.0.RELEASE\spring-boot-test-autoconfigure-2.3.0.RELEASE.jar;E:\oneDirve\OneDrive - business\repository\maven\repository\com\jayway\jsonpath\json-path\2.4.0\json-path-2.4.0.jar;E:\oneDirve\OneDrive - business\repository\maven\repository\net\minidev\json-smart\2.3\json-smart-2.3.jar;E:\oneDirve\OneDrive - business\repository\maven\repository\net\minidev\accessors-smart\1.2\accessors-smart-1.2.jar;E:\oneDirve\OneDrive - business\repository\maven\repository\org\ow2\asm\asm\5.0.4\asm-5.0.4.jar;E:\oneDirve\OneDrive - business\repository\maven\repository\org\slf4j\slf4j-api\1.7.30\slf4j-api-1.7.30.jar;E:\oneDirve\OneDrive - business\repository\maven\repository\jakarta\xml\bind\jakarta.xml.bind-api\2.3.3\jakarta.xml.bind-api-2.3.3.jar;E:\oneDirve\OneDrive - business\repository\maven\repository\jakarta\activation\jakarta.activation-api\1.2.2\jakarta.activation-api-1.2.2.jar;E:\oneDirve\OneDrive - business\repository\maven\repository\org\assertj\assertj-core\3.16.1\assertj-core-3.16.1.jar;E:\oneDirve\OneDrive - business\repository\maven\repository\org\hamcrest\hamcrest\2.2\hamcrest-2.2.jar;E:\oneDirve\OneDrive - business\repository\maven\repository\org\junit\jupiter\junit-jupiter\5.6.2\junit-jupiter-5.6.2.jar;E:\oneDirve\OneDrive - business\repository\maven\repository\org\junit\jupiter\junit-jupiter-api\5.6.2\junit-jupiter-api-5.6.2.jar;E:\oneDirve\OneDrive - business\repository\maven\repository\org\apiguardian\apiguardian-api\1.1.0\apiguardian-api-1.1.0.jar;E:\oneDirve\OneDrive - business\repository\maven\repository\org\opentest4j\opentest4j\1.2.0\opentest4j-1.2.0.jar;E:\oneDirve\OneDrive - business\repository\maven\repository\org\junit\platform\junit-platform-commons\1.6.2\junit-platform-commons-1.6.2.jar;E:\oneDirve\OneDrive - business\repository\maven\repository\org\junit\jupiter\junit-jupiter-params\5.6.2\junit-jupiter-params-5.6.2.jar;E:\oneDirve\OneDrive - business\repository\maven\repository\org\junit\jupiter\junit-jupiter-engine\5.6.2\junit-jupiter-engine-5.6.2.jar;E:\oneDirve\OneDrive - business\repository\maven\repository\org\junit\platform\junit-platform-engine\1.6.2\junit-platform-engine-1.6.2.jar;E:\oneDirve\OneDrive - business\repository\maven\repository\org\mockito\mockito-core\3.3.3\mockito-core-3.3.3.jar;E:\oneDirve\OneDrive - business\repository\maven\repository\net\bytebuddy\byte-buddy\1.10.10\byte-buddy-1.10.10.jar;E:\oneDirve\OneDrive - business\repository\maven\repository\net\bytebuddy\byte-buddy-agent\1.10.10\byte-buddy-agent-1.10.10.jar;E:\oneDirve\OneDrive - business\repository\maven\repository\org\objenesis\objenesis\2.6\objenesis-2.6.jar;E:\oneDirve\OneDrive - business\repository\maven\repository\org\mockito\mockito-junit-jupiter\3.3.3\mockito-junit-jupiter-3.3.3.jar;E:\oneDirve\OneDrive - business\repository\maven\repository\org\skyscreamer\jsonassert\1.5.0\jsonassert-1.5.0.jar;E:\oneDirve\OneDrive - business\repository\maven\repository\com\vaadin\external\google\android-json\0.0.20131108.vaadin1\android-json-0.0.20131108.vaadin1.jar;E:\oneDirve\OneDrive - business\repository\maven\repository\org\springframework\spring-core\5.2.6.RELEASE\spring-core-5.2.6.RELEASE.jar;E:\oneDirve\OneDrive - business\repository\maven\repository\org\springframework\spring-jcl\5.2.6.RELEASE\spring-jcl-5.2.6.RELEASE.jar;E:\oneDirve\OneDrive - business\repository\maven\repository\org\springframework\spring-test\5.2.6.RELEASE\spring-test-5.2.6.RELEASE.jar;E:\oneDirve\OneDrive - business\repository\maven\repository\org\xmlunit\xmlunit-core\2.7.0\xmlunit-core-2.7.0.jar;"/>
    <property name="java.vm.vendor" value="Oracle Corporation"/>
    <property name="sun.arch.data.model" value="64"/>
    <property name="user.variant" value=""/>
    <property name="java.vendor.url" value="http://java.oracle.com/"/>
    <property name="user.timezone" value="Asia/Shanghai"/>
    <property name="java.vm.specification.version" value="1.8"/>
    <property name="os.name" value="Windows 10"/>
    <property name="user.country" value="CN"/>
    <property name="sun.java.launcher" value="SUN_STANDARD"/>
    <property name="sun.boot.library.path" value="D:\build\jdk\jdk1.8.0_231\jre\bin"/>
    <property name="sun.java.command" value="C:\Users\liaoh\AppData\Local\Temp\surefire8560194698650661036\surefirebooter4380142091451698241.jar C:\Users\liaoh\AppData\Local\Temp\surefire8560194698650661036 2020-05-23T10-18-36_447-jvmRun1 surefire7450621528967539426tmp surefire_03079057848125155770tmp"/>
    <property name="surefire.test.class.path" value="D:\github\spring-boot-self-study\springboot-02-config\target\test-classes;D:\github\spring-boot-self-study\springboot-02-config\target\classes;E:\oneDirve\OneDrive - business\repository\maven\repository\org\springframework\boot\spring-boot-starter-web\2.3.0.RELEASE\spring-boot-starter-web-2.3.0.RELEASE.jar;E:\oneDirve\OneDrive - business\repository\maven\repository\org\springframework\boot\spring-boot-starter\2.3.0.RELEASE\spring-boot-starter-2.3.0.RELEASE.jar;E:\oneDirve\OneDrive - business\repository\maven\repository\org\springframework\boot\spring-boot-starter-logging\2.3.0.RELEASE\spring-boot-starter-logging-2.3.0.RELEASE.jar;E:\oneDirve\OneDrive - business\repository\maven\repository\ch\qos\logback\logback-classic\1.2.3\logback-classic-1.2.3.jar;E:\oneDirve\OneDrive - business\repository\maven\repository\ch\qos\logback\logback-core\1.2.3\logback-core-1.2.3.jar;E:\oneDirve\OneDrive - business\repository\maven\repository\org\apache\logging\log4j\log4j-to-slf4j\2.13.2\log4j-to-slf4j-2.13.2.jar;E:\oneDirve\OneDrive - business\repository\maven\repository\org\apache\logging\log4j\log4j-api\2.13.2\log4j-api-2.13.2.jar;E:\oneDirve\OneDrive - business\repository\maven\repository\org\slf4j\jul-to-slf4j\1.7.30\jul-to-slf4j-1.7.30.jar;E:\oneDirve\OneDrive - business\repository\maven\repository\jakarta\annotation\jakarta.annotation-api\1.3.5\jakarta.annotation-api-1.3.5.jar;E:\oneDirve\OneDrive - business\repository\maven\repository\org\yaml\snakeyaml\1.26\snakeyaml-1.26.jar;E:\oneDirve\OneDrive - business\repository\maven\repository\org\springframework\boot\spring-boot-starter-json\2.3.0.RELEASE\spring-boot-starter-json-2.3.0.RELEASE.jar;E:\oneDirve\OneDrive - business\repository\maven\repository\com\fasterxml\jackson\core\jackson-databind\2.11.0\jackson-databind-2.11.0.jar;E:\oneDirve\OneDrive - business\repository\maven\repository\com\fasterxml\jackson\core\jackson-annotations\2.11.0\jackson-annotations-2.11.0.jar;E:\oneDirve\OneDrive - business\repository\maven\repository\com\fasterxml\jackson\core\jackson-core\2.11.0\jackson-core-2.11.0.jar;E:\oneDirve\OneDrive - business\repository\maven\repository\com\fasterxml\jackson\datatype\jackson-datatype-jdk8\2.11.0\jackson-datatype-jdk8-2.11.0.jar;E:\oneDirve\OneDrive - business\repository\maven\repository\com\fasterxml\jackson\datatype\jackson-datatype-jsr310\2.11.0\jackson-datatype-jsr310-2.11.0.jar;E:\oneDirve\OneDrive - business\repository\maven\repository\com\fasterxml\jackson\module\jackson-module-parameter-names\2.11.0\jackson-module-parameter-names-2.11.0.jar;E:\oneDirve\OneDrive - business\repository\maven\repository\org\springframework\boot\spring-boot-starter-tomcat\2.3.0.RELEASE\spring-boot-starter-tomcat-2.3.0.RELEASE.jar;E:\oneDirve\OneDrive - business\repository\maven\repository\org\apache\tomcat\embed\tomcat-embed-core\9.0.35\tomcat-embed-core-9.0.35.jar;E:\oneDirve\OneDrive - business\repository\maven\repository\org\glassfish\jakarta.el\3.0.3\jakarta.el-3.0.3.jar;E:\oneDirve\OneDrive - business\repository\maven\repository\org\apache\tomcat\embed\tomcat-embed-websocket\9.0.35\tomcat-embed-websocket-9.0.35.jar;E:\oneDirve\OneDrive - business\repository\maven\repository\org\springframework\spring-web\5.2.6.RELEASE\spring-web-5.2.6.RELEASE.jar;E:\oneDirve\OneDrive - business\repository\maven\repository\org\springframework\spring-beans\5.2.6.RELEASE\spring-beans-5.2.6.RELEASE.jar;E:\oneDirve\OneDrive - business\repository\maven\repository\org\springframework\spring-webmvc\5.2.6.RELEASE\spring-webmvc-5.2.6.RELEASE.jar;E:\oneDirve\OneDrive - business\repository\maven\repository\org\springframework\spring-aop\5.2.6.RELEASE\spring-aop-5.2.6.RELEASE.jar;E:\oneDirve\OneDrive - business\repository\maven\repository\org\springframework\spring-context\5.2.6.RELEASE\spring-context-5.2.6.RELEASE.jar;E:\oneDirve\OneDrive - business\repository\maven\repository\org\springframework\spring-expression\5.2.6.RELEASE\spring-expression-5.2.6.RELEASE.jar;E:\oneDirve\OneDrive - business\repository\maven\repository\org\springframework\boot\spring-boot-devtools\2.3.0.RELEASE\spring-boot-devtools-2.3.0.RELEASE.jar;E:\oneDirve\OneDrive - business\repository\maven\repository\org\springframework\boot\spring-boot\2.3.0.RELEASE\spring-boot-2.3.0.RELEASE.jar;E:\oneDirve\OneDrive - business\repository\maven\repository\org\springframework\boot\spring-boot-autoconfigure\2.3.0.RELEASE\spring-boot-autoconfigure-2.3.0.RELEASE.jar;E:\oneDirve\OneDrive - business\repository\maven\repository\org\springframework\boot\spring-boot-starter-test\2.3.0.RELEASE\spring-boot-starter-test-2.3.0.RELEASE.jar;E:\oneDirve\OneDrive - business\repository\maven\repository\org\springframework\boot\spring-boot-test\2.3.0.RELEASE\spring-boot-test-2.3.0.RELEASE.jar;E:\oneDirve\OneDrive - business\repository\maven\repository\org\springframework\boot\spring-boot-test-autoconfigure\2.3.0.RELEASE\spring-boot-test-autoconfigure-2.3.0.RELEASE.jar;E:\oneDirve\OneDrive - business\repository\maven\repository\com\jayway\jsonpath\json-path\2.4.0\json-path-2.4.0.jar;E:\oneDirve\OneDrive - business\repository\maven\repository\net\minidev\json-smart\2.3\json-smart-2.3.jar;E:\oneDirve\OneDrive - business\repository\maven\repository\net\minidev\accessors-smart\1.2\accessors-smart-1.2.jar;E:\oneDirve\OneDrive - business\repository\maven\repository\org\ow2\asm\asm\5.0.4\asm-5.0.4.jar;E:\oneDirve\OneDrive - business\repository\maven\repository\org\slf4j\slf4j-api\1.7.30\slf4j-api-1.7.30.jar;E:\oneDirve\OneDrive - business\repository\maven\repository\jakarta\xml\bind\jakarta.xml.bind-api\2.3.3\jakarta.xml.bind-api-2.3.3.jar;E:\oneDirve\OneDrive - business\repository\maven\repository\jakarta\activation\jakarta.activation-api\1.2.2\jakarta.activation-api-1.2.2.jar;E:\oneDirve\OneDrive - business\repository\maven\repository\org\assertj\assertj-core\3.16.1\assertj-core-3.16.1.jar;E:\oneDirve\OneDrive - business\repository\maven\repository\org\hamcrest\hamcrest\2.2\hamcrest-2.2.jar;E:\oneDirve\OneDrive - business\repository\maven\repository\org\junit\jupiter\junit-jupiter\5.6.2\junit-jupiter-5.6.2.jar;E:\oneDirve\OneDrive - business\repository\maven\repository\org\junit\jupiter\junit-jupiter-api\5.6.2\junit-jupiter-api-5.6.2.jar;E:\oneDirve\OneDrive - business\repository\maven\repository\org\apiguardian\apiguardian-api\1.1.0\apiguardian-api-1.1.0.jar;E:\oneDirve\OneDrive - business\repository\maven\repository\org\opentest4j\opentest4j\1.2.0\opentest4j-1.2.0.jar;E:\oneDirve\OneDrive - business\repository\maven\repository\org\junit\platform\junit-platform-commons\1.6.2\junit-platform-commons-1.6.2.jar;E:\oneDirve\OneDrive - business\repository\maven\repository\org\junit\jupiter\junit-jupiter-params\5.6.2\junit-jupiter-params-5.6.2.jar;E:\oneDirve\OneDrive - business\repository\maven\repository\org\junit\jupiter\junit-jupiter-engine\5.6.2\junit-jupiter-engine-5.6.2.jar;E:\oneDirve\OneDrive - business\repository\maven\repository\org\junit\platform\junit-platform-engine\1.6.2\junit-platform-engine-1.6.2.jar;E:\oneDirve\OneDrive - business\repository\maven\repository\org\mockito\mockito-core\3.3.3\mockito-core-3.3.3.jar;E:\oneDirve\OneDrive - business\repository\maven\repository\net\bytebuddy\byte-buddy\1.10.10\byte-buddy-1.10.10.jar;E:\oneDirve\OneDrive - business\repository\maven\repository\net\bytebuddy\byte-buddy-agent\1.10.10\byte-buddy-agent-1.10.10.jar;E:\oneDirve\OneDrive - business\repository\maven\repository\org\objenesis\objenesis\2.6\objenesis-2.6.jar;E:\oneDirve\OneDrive - business\repository\maven\repository\org\mockito\mockito-junit-jupiter\3.3.3\mockito-junit-jupiter-3.3.3.jar;E:\oneDirve\OneDrive - business\repository\maven\repository\org\skyscreamer\jsonassert\1.5.0\jsonassert-1.5.0.jar;E:\oneDirve\OneDrive - business\repository\maven\repository\com\vaadin\external\google\android-json\0.0.20131108.vaadin1\android-json-0.0.20131108.vaadin1.jar;E:\oneDirve\OneDrive - business\repository\maven\repository\org\springframework\spring-core\5.2.6.RELEASE\spring-core-5.2.6.RELEASE.jar;E:\oneDirve\OneDrive - business\repository\maven\repository\org\springframework\spring-jcl\5.2.6.RELEASE\spring-jcl-5.2.6.RELEASE.jar;E:\oneDirve\OneDrive - business\repository\maven\repository\org\springframework\spring-test\5.2.6.RELEASE\spring-test-5.2.6.RELEASE.jar;E:\oneDirve\OneDrive - business\repository\maven\repository\org\xmlunit\xmlunit-core\2.7.0\xmlunit-core-2.7.0.jar;"/>
    <property name="sun.cpu.endian" value="little"/>
    <property name="user.home" value="C:\Users\liaoh"/>
    <property name="user.language" value="zh"/>
    <property name="java.specification.vendor" value="Oracle Corporation"/>
    <property name="java.home" value="D:\build\jdk\jdk1.8.0_231\jre"/>
    <property name="basedir" value="D:\github\spring-boot-self-study\springboot-02-config"/>
    <property name="file.separator" value="\"/>
    <property name="line.separator" value="&#10;"/>
    <property name="java.vm.specification.vendor" value="Oracle Corporation"/>
    <property name="java.specification.name" value="Java Platform API Specification"/>
    <property name="java.awt.graphicsenv" value="sun.awt.Win32GraphicsEnvironment"/>
    <property name="idea.version2020.1.1" value="true"/>
    <property name="surefire.real.class.path" value="C:\Users\liaoh\AppData\Local\Temp\surefire8560194698650661036\surefirebooter4380142091451698241.jar"/>
    <property name="sun.boot.class.path" value="D:\build\jdk\jdk1.8.0_231\jre\lib\resources.jar;D:\build\jdk\jdk1.8.0_231\jre\lib\rt.jar;D:\build\jdk\jdk1.8.0_231\jre\lib\sunrsasign.jar;D:\build\jdk\jdk1.8.0_231\jre\lib\jsse.jar;D:\build\jdk\jdk1.8.0_231\jre\lib\jce.jar;D:\build\jdk\jdk1.8.0_231\jre\lib\charsets.jar;D:\build\jdk\jdk1.8.0_231\jre\lib\jfr.jar;D:\build\jdk\jdk1.8.0_231\jre\classes"/>
    <property name="user.script" value=""/>
    <property name="sun.management.compiler" value="HotSpot 64-Bit Tiered Compilers"/>
    <property name="java.runtime.version" value="1.8.0_231-b11"/>
    <property name="user.name" value="liaoh"/>
    <property name="path.separator" value=";"/>
    <property name="os.version" value="10.0"/>
    <property name="java.endorsed.dirs" value="D:\build\jdk\jdk1.8.0_231\jre\lib\endorsed"/>
    <property name="java.runtime.name" value="Java(TM) SE Runtime Environment"/>
    <property name="file.encoding" value="GBK"/>
    <property name="java.vm.name" value="Java HotSpot(TM) 64-Bit Server VM"/>
    <property name="localRepository" value="E:\oneDirve\OneDrive - business\repository\maven\repository"/>
    <property name="java.vendor.url.bug" value="http://bugreport.sun.com/bugreport/"/>
    <property name="java.io.tmpdir" value="C:\Users\liaoh\AppData\Local\Temp\"/>
    <property name="java.version" value="1.8.0_231"/>
    <property name="user.dir" value="D:\github\spring-boot-self-study\springboot-02-config"/>
    <property name="os.arch" value="amd64"/>
    <property name="java.vm.specification.name" value="Java Virtual Machine Specification"/>
    <property name="java.awt.printerjob" value="sun.awt.windows.WPrinterJob"/>
    <property name="sun.os.patch.level" value=""/>
    <property name="java.library.path" value="D:\build\jdk\jdk1.8.0_231\jre\bin;C:\WINDOWS\Sun\Java\bin;C:\WINDOWS\system32;C:\WINDOWS;D:\build\Ruby26-x64\bin;D:\soft\ShenTong/dbstudio;D:\soft\ShenTong/bin;D:\soft\Tencent\Tim\Bin\;D:\soft\NetSarang\Xftp\;C:\Program Files (x86)\Common Files\Oracle\Java\javapath;C:\WINDOWS\system32;C:\WINDOWS;C:\WINDOWS\System32\Wbem;C:\WINDOWS\System32\WindowsPowerShell\v1.0\;C:\WINDOWS\System32\OpenSSH\;D:\soft\Git\cmd;C:\Program Files (x86)\Calibre2\;D:\build\Nodejs\;C:\Users\liaoh\AppData\Local\Microsoft\WindowsApps;C:\Users\liaoh\AppData\Local\GitHubDesktop\bin;D:\build\Microsoft VS Code\bin;D:\soft\Fiddler;C:\Users\liaoh\AppData\Roaming\npm;D:\build\jdk\jdk1.8.0_231\bin;D:\build\jdk\jdk1.8.0_231\jre\bin;C:\Users\liaoh\AppData\Local\Microsoft\WindowsApps;C:\Users\liaoh\AppData\Local\GitHubDesktop\bin;D:\build\Microsoft VS Code\bin;D:\soft\Fiddler;C:\Users\liaoh\AppData\Roaming\npm;C:\Users\liaoh\AppData\Local\atom\bin;."/>
    <property name="java.vm.info" value="mixed mode"/>
    <property name="java.vendor" value="Oracle Corporation"/>
    <property name="java.vm.version" value="25.231-b11"/>
    <property name="java.ext.dirs" value="D:\build\jdk\jdk1.8.0_231\jre\lib\ext;C:\WINDOWS\Sun\Java\lib\ext"/>
    <property name="sun.io.unicode.encoding" value="UnicodeLittle"/>
    <property name="java.class.version" value="52.0"/>
  </properties>
  <testcase name="contextLoads" classname="com.meethong.Springboot02ConfigApplicationTests" time="0.735"/>
</testsuite>